<?xml version="1.0" encoding="UTF-8"?>
<!-- Generated by org.testng.reporters.JUnitReportReporter -->
<testsuite hostname="LENOVO" name="Example.NewTest" tests="1" failures="0" timestamp="16 Jan 2018 11:21:16 GMT" time="28.257" errors="0">
  <testcase name="testEasy" time="28.257" classname="Example.NewTest"/>
</testsuite> <!-- Example.NewTest -->
