<?xml version="1.0" encoding="UTF-8"?>
<!-- Generated by org.testng.reporters.JUnitReportReporter -->
<testsuite skipped="0" hostname="LENOVO" name="Example.NewTest" tests="1" failures="0" timestamp="16 Jan 2018 11:20:05 GMT" time="27.229" errors="0">
  <testcase name="testEasy" time="27.229" classname="Example.NewTest"/>
</testsuite> <!-- Example.NewTest -->
